Performing C SOURCE FILE Test CC_SUPPORTS_Wshadow=local failed with the following output:
Change Dir: /home/its2019/its2019g25/CMakeFiles/CMakeTmp

Run Build Command:"/usr/bin/make" "cmTC_ab68e/fast"
/usr/bin/make -f CMakeFiles/cmTC_ab68e.dir/build.make CMakeFiles/cmTC_ab68e.dir/build
make[1]: Entering directory '/home/its2019/its2019g25/CMakeFiles/CMakeTmp'
Building C object CMakeFiles/cmTC_ab68e.dir/src.c.o
/usr/bin/cc    -Wall -fdiagnostics-color=auto -DCC_SUPPORTS_Wshadow=local   -Wshadow=local -o CMakeFiles/cmTC_ab68e.dir/src.c.o   -c /home/its2019/its2019g25/CMakeFiles/CMakeTmp/src.c
cc: error: unrecognized command line option '-Wshadow=local'; did you mean '-Wshadow-ivar'?
CMakeFiles/cmTC_ab68e.dir/build.make:65: recipe for target 'CMakeFiles/cmTC_ab68e.dir/src.c.o' failed
make[1]: *** [CMakeFiles/cmTC_ab68e.dir/src.c.o] Error 1
make[1]: Leaving directory '/home/its2019/its2019g25/CMakeFiles/CMakeTmp'
Makefile:126: recipe for target 'cmTC_ab68e/fast' failed
make: *** [cmTC_ab68e/fast] Error 2

Source file was:
int main(void) { return 0; }
Performing C++ SOURCE FILE Test CXX_SUPPORTS_Wshadow=local failed with the following output:
Change Dir: /home/its2019/its2019g25/CMakeFiles/CMakeTmp

Run Build Command:"/usr/bin/make" "cmTC_d13f1/fast"
/usr/bin/make -f CMakeFiles/cmTC_d13f1.dir/build.make CMakeFiles/cmTC_d13f1.dir/build
make[1]: Entering directory '/home/its2019/its2019g25/CMakeFiles/CMakeTmp'
Building CXX object CMakeFiles/cmTC_d13f1.dir/src.cxx.o
/usr/bin/c++     -Wall -fdiagnostics-color=auto -DCXX_SUPPORTS_Wshadow=local   -Wshadow=local -o CMakeFiles/cmTC_d13f1.dir/src.cxx.o -c /home/its2019/its2019g25/CMakeFiles/CMakeTmp/src.cxx
c++: error: unrecognized command line option '-Wshadow=local'; did you mean '-Wshadow-ivar'?
CMakeFiles/cmTC_d13f1.dir/build.make:65: recipe for target 'CMakeFiles/cmTC_d13f1.dir/src.cxx.o' failed
make[1]: *** [CMakeFiles/cmTC_d13f1.dir/src.cxx.o] Error 1
make[1]: Leaving directory '/home/its2019/its2019g25/CMakeFiles/CMakeTmp'
Makefile:126: recipe for target 'cmTC_d13f1/fast' failed
make: *** [cmTC_d13f1/fast] Error 2

Source file was:
int main() { return 0; }
Determining if the pthread_create exist failed with the following output:
Change Dir: /home/its2019/its2019g25/CMakeFiles/CMakeTmp

Run Build Command:"/usr/bin/make" "cmTC_be970/fast"
/usr/bin/make -f CMakeFiles/cmTC_be970.dir/build.make CMakeFiles/cmTC_be970.dir/build
make[1]: Entering directory '/home/its2019/its2019g25/CMakeFiles/CMakeTmp'
Building C object CMakeFiles/cmTC_be970.dir/CheckSymbolExists.c.o
/usr/bin/cc    -Wall -fdiagnostics-color=auto -Wextra -pedantic -Werror=vla -Werror=implicit-function-declaration    -o CMakeFiles/cmTC_be970.dir/CheckSymbolExists.c.o   -c /home/its2019/its2019g25/CMakeFiles/CMakeTmp/CheckSymbolExists.c
/home/its2019/its2019g25/CMakeFiles/CMakeTmp/CheckSymbolExists.c: In function ‘main’:
/home/its2019/its2019g25/CMakeFiles/CMakeTmp/CheckSymbolExists.c:8:11: warning: ISO C forbids conversion of function pointer to object pointer type [-Wpedantic]
   return ((int*)(&pthread_create))[argc];
           ^
Linking C executable cmTC_be970
/usr/bin/cmake -E cmake_link_script CMakeFiles/cmTC_be970.dir/link.txt --verbose=1
/usr/bin/cc   -Wall -fdiagnostics-color=auto -Wextra -pedantic -Werror=vla -Werror=implicit-function-declaration     CMakeFiles/cmTC_be970.dir/CheckSymbolExists.c.o  -o cmTC_be970 
CMakeFiles/cmTC_be970.dir/CheckSymbolExists.c.o: In function `main':
CheckSymbolExists.c:(.text+0x1b): undefined reference to `pthread_create'
collect2: error: ld returned 1 exit status
CMakeFiles/cmTC_be970.dir/build.make:97: recipe for target 'cmTC_be970' failed
make[1]: *** [cmTC_be970] Error 1
make[1]: Leaving directory '/home/its2019/its2019g25/CMakeFiles/CMakeTmp'
Makefile:126: recipe for target 'cmTC_be970/fast' failed
make: *** [cmTC_be970/fast] Error 2

File /home/its2019/its2019g25/CMakeFiles/CMakeTmp/CheckSymbolExists.c:
/* */
#include <pthread.h>

int main(int argc, char** argv)
{
  (void)argv;
#ifndef pthread_create
  return ((int*)(&pthread_create))[argc];
#else
  (void)argc;
  return 0;
#endif
}

Determining if the function pthread_create exists in the pthreads failed with the following output:
Change Dir: /home/its2019/its2019g25/CMakeFiles/CMakeTmp

Run Build Command:"/usr/bin/make" "cmTC_e7225/fast"
/usr/bin/make -f CMakeFiles/cmTC_e7225.dir/build.make CMakeFiles/cmTC_e7225.dir/build
make[1]: Entering directory '/home/its2019/its2019g25/CMakeFiles/CMakeTmp'
Building C object CMakeFiles/cmTC_e7225.dir/CheckFunctionExists.c.o
/usr/bin/cc    -Wall -fdiagnostics-color=auto -Wextra -pedantic -Werror=vla -Werror=implicit-function-declaration -DCHECK_FUNCTION_EXISTS=pthread_create   -o CMakeFiles/cmTC_e7225.dir/CheckFunctionExists.c.o   -c /usr/share/cmake-3.7/Modules/CheckFunctionExists.c
Linking C executable cmTC_e7225
/usr/bin/cmake -E cmake_link_script CMakeFiles/cmTC_e7225.dir/link.txt --verbose=1
/usr/bin/cc   -Wall -fdiagnostics-color=auto -Wextra -pedantic -Werror=vla -Werror=implicit-function-declaration -DCHECK_FUNCTION_EXISTS=pthread_create    CMakeFiles/cmTC_e7225.dir/CheckFunctionExists.c.o  -o cmTC_e7225 -lpthreads 
/usr/bin/ld: cannot find -lpthreads
collect2: error: ld returned 1 exit status
CMakeFiles/cmTC_e7225.dir/build.make:97: recipe for target 'cmTC_e7225' failed
make[1]: *** [cmTC_e7225] Error 1
make[1]: Leaving directory '/home/its2019/its2019g25/CMakeFiles/CMakeTmp'
Makefile:126: recipe for target 'cmTC_e7225/fast' failed
make: *** [cmTC_e7225/fast] Error 2


